2024-12-28 20:45:23 INFO  c.d.api.controller.AuthController - Trying to login = admin
2024-12-28 20:45:23 INFO  c.d.api.daoimpl.SystemUserDaoImpl - Loaded User =admin
2024-12-28 20:45:23 INFO  c.d.api.controller.AuthController - Logged In = admin
2024-12-28 20:46:29 INFO  c.d.api.daoimpl.SystemUserDaoImpl - Loaded User =admin
2024-12-28 20:46:32 INFO  c.d.api.daoimpl.SystemUserDaoImpl - Loaded User =admin
2024-12-28 20:46:36 INFO  c.d.api.daoimpl.SystemUserDaoImpl - Loaded User =admin
2025-01-07 11:17:15 INFO  c.d.api.controller.AuthController - Trying to login = amol
2025-01-07 11:17:15 INFO  c.d.api.daoimpl.SystemUserDaoImpl - Loaded User =amol
2025-01-07 11:33:02 INFO  c.d.api.controller.AuthController - Trying to login = admin
2025-01-07 11:33:03 INFO  c.d.api.daoimpl.SystemUserDaoImpl - Loaded User =admin
2025-01-07 11:33:03 INFO  c.d.api.controller.AuthController - Logged In = admin
2025-01-07 11:33:51 INFO  c.d.api.daoimpl.SystemUserDaoImpl - Loaded User =kiran
2025-01-07 11:34:23 INFO  c.d.api.daoimpl.SystemUserDaoImpl - Loaded User =admin
2025-01-07 11:35:30 INFO  c.d.api.controller.AuthController - Trying to login = amol
2025-01-07 11:35:30 INFO  c.d.api.daoimpl.SystemUserDaoImpl - Loaded User =amol
2025-01-07 11:36:39 INFO  c.d.api.controller.AuthController - Trying to login = amol
2025-01-07 11:36:39 INFO  c.d.api.daoimpl.SystemUserDaoImpl - Loaded User =amol
2025-01-07 11:36:39 INFO  c.d.api.controller.AuthController - Logged In = amol
2025-01-07 11:45:34 INFO  c.d.api.daoimpl.SystemUserDaoImpl - Loaded User =admin
2025-01-07 11:45:42 INFO  c.d.api.daoimpl.SystemUserDaoImpl - Loaded User =admin
