2024-11-14 16:41:23 INFO  c.d.api.controller.AuthController - Trying to login = admin
2024-11-14 16:41:23 INFO  c.d.api.daoimpl.SystemUserDaoImpl - Loaded User =admin
2024-11-14 16:41:23 INFO  c.d.api.controller.AuthController - Logged In = admin
2024-11-14 16:41:44 INFO  c.d.api.daoimpl.SystemUserDaoImpl - Loaded User =admin
2024-11-14 16:41:49 INFO  c.d.api.daoimpl.SystemUserDaoImpl - Loaded User =admin
2024-11-14 16:43:17 INFO  c.d.api.daoimpl.SystemUserDaoImpl - Loaded User =admin
2024-11-14 16:45:05 INFO  c.d.api.daoimpl.SystemUserDaoImpl - Loaded User =admin
2024-11-14 16:45:18 INFO  c.d.api.daoimpl.SystemUserDaoImpl - Loaded User =admin
2024-11-14 16:45:23 INFO  c.d.api.daoimpl.SystemUserDaoImpl - Loaded User =admin
2024-11-14 16:47:10 INFO  c.d.api.controller.AuthController - Trying to login = admin
2024-11-14 16:47:10 INFO  c.d.api.daoimpl.SystemUserDaoImpl - Loaded User =admin
2024-11-14 16:47:10 INFO  c.d.api.controller.AuthController - Logged In = admin
2024-11-14 16:47:17 INFO  c.d.api.daoimpl.SystemUserDaoImpl - Loaded User =admin
2024-11-14 16:47:19 INFO  c.d.api.daoimpl.SystemUserDaoImpl - Loaded User =admin
2024-11-14 16:47:43 INFO  c.d.api.daoimpl.SystemUserDaoImpl - Loaded User =admin
2024-11-14 16:50:26 INFO  c.d.api.daoimpl.SystemUserDaoImpl - Loaded User =admin
2024-11-14 16:50:32 INFO  c.d.api.daoimpl.SystemUserDaoImpl - Loaded User =admin
2024-11-14 16:50:49 INFO  c.d.api.daoimpl.SystemUserDaoImpl - Loaded User =admin
2024-11-14 16:50:51 INFO  c.d.api.daoimpl.SystemUserDaoImpl - Loaded User =admin
2024-11-14 16:51:06 INFO  c.d.api.daoimpl.SystemUserDaoImpl - Loaded User =admin
2024-11-14 16:51:12 INFO  c.d.api.daoimpl.SystemUserDaoImpl - Loaded User =admin
2024-11-14 16:51:34 INFO  c.d.api.controller.AuthController - Trying to login = amol
2024-11-14 16:51:34 INFO  c.d.api.daoimpl.SystemUserDaoImpl - Loaded User =amol
2024-11-14 16:51:34 INFO  c.d.api.controller.AuthController - Logged In = amol
2024-11-14 16:52:10 INFO  c.d.api.controller.AuthController - Trying to login = ram
2024-11-14 16:52:10 INFO  c.d.api.daoimpl.SystemUserDaoImpl - Loaded User =ram
2024-11-14 16:52:34 INFO  c.d.api.controller.AuthController - Trying to login = kiran
2024-11-14 16:52:34 INFO  c.d.api.daoimpl.SystemUserDaoImpl - Loaded User =kiran
2024-11-14 16:52:34 INFO  c.d.api.controller.AuthController - Logged In = kiran
