2025-01-25 11:55:59 INFO  c.d.api.daoimpl.SystemUserDaoImpl - Loaded User =kiran
2025-01-25 12:00:41 INFO  c.d.api.daoimpl.SystemUserDaoImpl - Loaded User =subadmin
2025-01-25 12:01:21 INFO  c.d.api.daoimpl.SystemUserDaoImpl - Loaded User =admin
2025-01-25 12:18:17 INFO  c.d.api.daoimpl.SystemUserDaoImpl - Loaded User =subadmin
2025-01-25 12:20:19 INFO  c.d.api.daoimpl.SystemUserDaoImpl - Loaded User =subadmin
2025-01-25 12:23:06 INFO  c.d.api.daoimpl.SystemUserDaoImpl - Loaded User =subadmin
2025-01-25 12:25:41 INFO  c.d.api.controller.AuthController - Trying to login = admin
2025-01-25 12:25:41 INFO  c.d.api.daoimpl.SystemUserDaoImpl - Loaded User =admin
2025-01-25 12:25:41 INFO  c.d.api.controller.AuthController - Logged In = admin
2025-01-25 12:26:29 INFO  c.d.api.daoimpl.SystemUserDaoImpl - Loaded User =admin
2025-01-25 12:26:31 INFO  c.d.api.daoimpl.SystemUserDaoImpl - Loaded User =admin
2025-01-25 12:30:50 INFO  c.d.api.controller.AuthController - Trying to login = admin
2025-01-25 12:30:50 INFO  c.d.api.daoimpl.SystemUserDaoImpl - Loaded User =admin
2025-01-25 12:30:50 INFO  c.d.api.controller.AuthController - Logged In = admin
2025-01-25 12:31:59 INFO  c.d.api.controller.AuthController - Trying to login = subadmin
2025-01-25 12:31:59 INFO  c.d.api.daoimpl.SystemUserDaoImpl - Loaded User =subadmin
2025-01-25 12:32:00 INFO  c.d.api.controller.AuthController - Logged In = subadmin
2025-01-25 12:40:06 INFO  c.d.api.controller.AuthController - Trying to login = subadmin
2025-01-25 12:40:06 INFO  c.d.api.daoimpl.SystemUserDaoImpl - Loaded User =subadmin
2025-01-25 12:40:06 INFO  c.d.api.controller.AuthController - Logged In = subadmin
2025-01-25 12:41:23 INFO  c.d.api.controller.AuthController - Trying to login = admin
2025-01-25 12:41:23 INFO  c.d.api.daoimpl.SystemUserDaoImpl - Loaded User =admin
2025-01-25 12:41:23 INFO  c.d.api.controller.AuthController - Logged In = admin
2025-01-25 12:43:47 INFO  c.d.api.daoimpl.SystemUserDaoImpl - Loaded User =admin
2025-01-25 12:45:00 INFO  c.d.api.daoimpl.SystemUserDaoImpl - Loaded User =admin
