2025-03-05 15:45:44 INFO  c.d.api.controller.AuthController - Trying to login = admin
2025-03-05 15:45:45 INFO  c.d.api.daoimpl.SystemUserDaoImpl - Loaded User =admin
2025-03-05 15:47:25 INFO  c.d.api.controller.AuthController - Trying to login = admin
2025-03-05 15:47:25 INFO  c.d.api.daoimpl.SystemUserDaoImpl - Loaded User =admin
2025-03-05 15:48:12 INFO  c.d.api.controller.AuthController - Trying to login = admin
2025-03-05 15:48:12 INFO  c.d.api.daoimpl.SystemUserDaoImpl - Loaded User =admin
2025-03-05 15:48:12 INFO  c.d.api.controller.AuthController - Logged In = admin
2025-03-05 15:51:57 INFO  c.d.api.daoimpl.SystemUserDaoImpl - Loaded User =admin
2025-03-05 15:52:15 INFO  c.d.api.daoimpl.SystemUserDaoImpl - Loaded User =admin
2025-03-05 15:52:38 INFO  c.d.api.controller.AuthController - Trying to login = admin
2025-03-05 15:52:38 INFO  c.d.api.daoimpl.SystemUserDaoImpl - Loaded User =admin
2025-03-05 15:52:38 INFO  c.d.api.controller.AuthController - Logged In = admin
2025-03-05 15:53:07 INFO  c.d.api.daoimpl.SystemUserDaoImpl - Loaded User =admin
2025-03-05 15:54:09 INFO  c.d.api.daoimpl.SystemUserDaoImpl - Loaded User =admin
2025-03-05 15:55:08 INFO  c.d.api.daoimpl.SystemUserDaoImpl - Loaded User =admin
2025-03-05 15:55:47 INFO  c.d.api.daoimpl.SystemUserDaoImpl - Loaded User =admin
2025-03-05 15:56:05 INFO  c.d.api.daoimpl.SystemUserDaoImpl - Loaded User =admin
2025-04-11 16:41:13 INFO  c.d.api.controller.AuthController - Trying to login = admin
2025-04-11 17:06:25 INFO  c.d.api.controller.AuthController - Trying to login = admin
2025-04-11 17:29:17 INFO  c.d.api.controller.AuthController - Trying to login = admin
2025-04-11 17:29:19 INFO  c.d.api.daoimpl.SystemUserDaoImpl - Loaded User =admin
2025-04-11 17:29:19 INFO  c.d.api.controller.AuthController - Logged In = admin
2025-04-11 17:32:07 INFO  c.d.api.controller.AuthController - Trying to login = admin
2025-04-11 17:32:07 INFO  c.d.api.daoimpl.SystemUserDaoImpl - Loaded User =admin
2025-04-11 17:32:32 INFO  c.d.api.controller.AuthController - Trying to login = admin
2025-04-11 17:32:32 INFO  c.d.api.daoimpl.SystemUserDaoImpl - Loaded User =admin
2025-04-11 17:32:33 INFO  c.d.api.controller.AuthController - Logged In = admin
2025-04-11 17:33:25 INFO  c.d.api.daoimpl.SystemUserDaoImpl - Loaded User =amol
2025-04-11 17:33:38 INFO  c.d.api.daoimpl.SystemUserDaoImpl - Loaded User =kiran
2025-04-11 17:34:43 INFO  c.d.api.daoimpl.SystemUserDaoImpl - Loaded User =sham
