2024-11-07 09:43:08 INFO  c.d.api.controller.AuthController - Trying to login = admin
2024-11-07 09:43:08 INFO  c.d.api.daoimpl.SystemUserDaoImpl - Loaded User =admin
2024-11-07 09:43:08 INFO  c.d.api.controller.AuthController - Logged In = admin
2024-11-07 09:43:59 INFO  c.d.api.controller.AuthController - Trying to login = admin
2024-11-07 09:43:59 INFO  c.d.api.daoimpl.SystemUserDaoImpl - Loaded User =admin
2024-11-07 09:43:59 INFO  c.d.api.controller.AuthController - Logged In = admin
2024-11-07 09:45:37 INFO  c.d.api.daoimpl.SystemUserDaoImpl - Loaded User =admin
2024-11-07 09:45:37 INFO  c.d.api.controller.AuthController - Trying to login = admin
2024-11-07 09:45:37 INFO  c.d.api.daoimpl.SystemUserDaoImpl - Loaded User =admin
2024-11-07 09:45:37 INFO  c.d.api.controller.AuthController - Logged In = admin
2024-11-07 09:45:45 INFO  c.d.api.daoimpl.SystemUserDaoImpl - Loaded User =admin
2024-11-07 09:45:45 INFO  c.d.api.controller.AuthController - Trying to login = kiran
2024-11-07 09:45:45 INFO  c.d.api.daoimpl.SystemUserDaoImpl - Loaded User =kiran
2024-11-07 09:45:45 INFO  c.d.api.controller.AuthController - Logged In = kiran
2024-11-07 09:48:01 INFO  c.d.api.controller.AuthController - Trying to login = kiran
2024-11-07 09:48:01 INFO  c.d.api.daoimpl.SystemUserDaoImpl - Loaded User =kiran
2024-11-07 09:48:01 INFO  c.d.api.controller.AuthController - Logged In = kiran
2024-11-07 09:49:32 INFO  c.d.api.controller.AuthController - Trying to login = kiran
2024-11-07 09:49:32 INFO  c.d.api.daoimpl.SystemUserDaoImpl - Loaded User =kiran
2024-11-07 09:49:32 INFO  c.d.api.controller.AuthController - Logged In = kiran
2024-11-07 09:49:59 INFO  c.d.api.controller.AuthController - Trying to login = kiran
2024-11-07 09:49:59 INFO  c.d.api.daoimpl.SystemUserDaoImpl - Loaded User =kiran
2024-11-07 09:49:59 INFO  c.d.api.controller.AuthController - Logged In = kiran
2024-11-07 09:50:55 INFO  c.d.api.controller.AuthController - Trying to login = kiran
2024-11-07 09:50:55 INFO  c.d.api.daoimpl.SystemUserDaoImpl - Loaded User =kiran
2024-11-07 09:50:55 INFO  c.d.api.controller.AuthController - Logged In = kiran
2024-11-07 10:07:36 INFO  c.d.api.controller.AuthController - Trying to login = admin
2024-11-07 10:07:36 INFO  c.d.api.daoimpl.SystemUserDaoImpl - Loaded User =admin
2024-11-07 10:07:37 INFO  c.d.api.controller.AuthController - Logged In = admin
2024-11-07 10:08:09 INFO  c.d.api.controller.AuthController - Trying to login = kiran
2024-11-07 10:08:09 INFO  c.d.api.daoimpl.SystemUserDaoImpl - Loaded User =kiran
2024-11-07 10:08:09 INFO  c.d.api.controller.AuthController - Logged In = kiran
2024-11-07 10:08:34 INFO  c.d.api.controller.AuthController - Trying to login = admin
2024-11-07 10:08:34 INFO  c.d.api.daoimpl.SystemUserDaoImpl - Loaded User =admin
2024-11-07 10:08:34 INFO  c.d.api.controller.AuthController - Logged In = admin
2024-11-07 10:08:39 INFO  c.d.api.daoimpl.SystemUserDaoImpl - Loaded User =admin
2024-11-07 10:08:40 INFO  c.d.api.daoimpl.SystemUserDaoImpl - Loaded User =admin
2024-11-07 10:08:40 INFO  c.d.api.daoimpl.SystemUserDaoImpl - Loaded User =admin
2024-11-07 10:09:28 INFO  c.d.api.daoimpl.SystemUserDaoImpl - Loaded User =admin
2024-11-07 10:09:28 INFO  c.d.api.daoimpl.SystemUserDaoImpl - Loaded User =admin
2024-11-07 10:09:28 INFO  c.d.api.daoimpl.SystemUserDaoImpl - Loaded User =admin
2024-11-07 10:20:07 INFO  c.d.api.daoimpl.SystemUserDaoImpl - Loaded User =admin
2024-11-07 10:20:21 INFO  c.d.api.daoimpl.SystemUserDaoImpl - Loaded User =kiran
2024-11-07 10:31:46 INFO  c.d.api.daoimpl.SystemUserDaoImpl - Loaded User =admin
2024-11-07 10:52:44 INFO  c.d.api.controller.AuthController - Trying to login = admin
2024-11-07 10:52:44 INFO  c.d.api.daoimpl.SystemUserDaoImpl - Loaded User =admin
2024-11-07 10:52:44 INFO  c.d.api.controller.AuthController - Logged In = admin
2024-11-07 10:53:52 INFO  c.d.api.daoimpl.SystemUserDaoImpl - Loaded User =admin
2024-11-07 10:53:52 INFO  c.d.api.controller.AuthController - Trying to login = admin
2024-11-07 10:53:52 INFO  c.d.api.daoimpl.SystemUserDaoImpl - Loaded User =admin
2024-11-07 10:53:52 INFO  c.d.api.controller.AuthController - Logged In = admin
2024-11-07 10:54:48 INFO  c.d.api.controller.AuthController - Trying to login = admin
2024-11-07 10:54:48 INFO  c.d.api.daoimpl.SystemUserDaoImpl - Loaded User =admin
2024-11-07 10:54:48 INFO  c.d.api.controller.AuthController - Logged In = admin
2024-11-07 10:55:29 INFO  c.d.api.controller.AuthController - Trying to login = admin
2024-11-07 10:55:29 INFO  c.d.api.daoimpl.SystemUserDaoImpl - Loaded User =admin
2024-11-07 10:55:29 INFO  c.d.api.controller.AuthController - Logged In = admin
