2024-11-06 10:36:45 INFO  c.d.api.controller.AuthController - Trying to login = admin
2024-11-06 10:36:45 INFO  c.d.api.daoimpl.SystemUserDaoImpl - Loaded User =admin
2024-11-06 10:36:45 INFO  c.d.api.controller.AuthController - Logged In = admin
2024-11-06 10:48:34 INFO  c.d.api.controller.AuthController - Trying to login = admin
2024-11-06 10:48:34 INFO  c.d.api.daoimpl.SystemUserDaoImpl - Loaded User =admin
2024-11-06 10:48:34 INFO  c.d.api.controller.AuthController - Logged In = admin
2024-11-06 10:52:26 INFO  c.d.api.controller.AuthController - Trying to login = admin
2024-11-06 10:52:26 INFO  c.d.api.daoimpl.SystemUserDaoImpl - Loaded User =admin
2024-11-06 11:00:28 INFO  c.d.api.controller.AuthController - Trying to login = admin
2024-11-06 11:00:28 INFO  c.d.api.daoimpl.SystemUserDaoImpl - Loaded User =admin
2024-11-06 11:00:28 INFO  c.d.api.controller.AuthController - Logged In = admin
2024-11-06 11:08:12 INFO  c.d.api.controller.AuthController - Trying to login = admin
2024-11-06 11:08:12 INFO  c.d.api.daoimpl.SystemUserDaoImpl - Loaded User =admin
2024-11-06 11:08:12 INFO  c.d.api.controller.AuthController - Logged In = admin
2024-11-06 11:15:37 INFO  c.d.api.controller.AuthController - Trying to login = admin
2024-11-06 11:15:37 INFO  c.d.api.daoimpl.SystemUserDaoImpl - Loaded User =admin
2024-11-06 11:15:37 INFO  c.d.api.controller.AuthController - Logged In = admin
2024-11-06 11:17:26 INFO  c.d.api.daoimpl.SystemUserDaoImpl - Loaded User =admin
2024-11-06 21:18:46 INFO  c.d.api.daoimpl.SystemUserDaoImpl - Loaded User =admin
2024-11-06 21:19:20 INFO  c.d.api.daoimpl.SystemUserDaoImpl - Loaded User =admin
2024-11-06 21:19:33 INFO  c.d.api.daoimpl.SystemUserDaoImpl - Loaded User =kiran
2024-11-06 21:23:09 INFO  c.d.api.daoimpl.SystemUserDaoImpl - Loaded User =kiran
2024-11-06 21:23:33 INFO  c.d.api.daoimpl.SystemUserDaoImpl - Loaded User =amol
2024-11-06 21:23:36 INFO  c.d.api.daoimpl.SystemUserDaoImpl - Loaded User =amol
2024-11-06 21:23:46 INFO  c.d.api.daoimpl.SystemUserDaoImpl - Loaded User =admin
2024-11-06 21:41:42 INFO  c.d.api.controller.AuthController - Trying to login = admin
2024-11-06 21:41:43 INFO  c.d.api.daoimpl.SystemUserDaoImpl - Loaded User =admin
2024-11-06 21:41:43 INFO  c.d.api.controller.AuthController - Logged In = admin
2024-11-06 21:41:46 INFO  c.d.api.daoimpl.SystemUserDaoImpl - Loaded User =admin
2024-11-06 21:44:36 INFO  c.d.api.daoimpl.SystemUserDaoImpl - Loaded User =admin
2024-11-06 21:47:00 INFO  c.d.api.controller.AuthController - Trying to login = admin
2024-11-06 21:47:00 INFO  c.d.api.daoimpl.SystemUserDaoImpl - Loaded User =admin
2024-11-06 21:47:00 INFO  c.d.api.controller.AuthController - Logged In = admin
2024-11-06 21:48:33 INFO  c.d.api.controller.AuthController - Trying to login = admin
2024-11-06 21:48:33 INFO  c.d.api.daoimpl.SystemUserDaoImpl - Loaded User =admin
2024-11-06 21:48:33 INFO  c.d.api.controller.AuthController - Logged In = admin
2024-11-06 21:56:35 INFO  c.d.api.controller.AuthController - Trying to login = admin
2024-11-06 21:56:35 INFO  c.d.api.daoimpl.SystemUserDaoImpl - Loaded User =admin
2024-11-06 21:56:35 INFO  c.d.api.controller.AuthController - Logged In = admin
2024-11-06 21:57:23 INFO  c.d.api.controller.AuthController - Trying to login = admin
2024-11-06 21:57:23 INFO  c.d.api.daoimpl.SystemUserDaoImpl - Loaded User =admin
2024-11-06 21:57:23 INFO  c.d.api.controller.AuthController - Logged In = admin
2024-11-06 22:06:57 INFO  c.d.api.controller.AuthController - Trying to login = admin
2024-11-06 22:06:57 INFO  c.d.api.daoimpl.SystemUserDaoImpl - Loaded User =admin
2024-11-06 22:06:57 INFO  c.d.api.controller.AuthController - Logged In = admin
2024-11-06 22:07:00 INFO  c.d.api.daoimpl.SystemUserDaoImpl - Loaded User =admin
2024-11-06 22:07:00 INFO  c.d.api.controller.AuthController - Trying to login = admin
2024-11-06 22:07:00 INFO  c.d.api.daoimpl.SystemUserDaoImpl - Loaded User =admin
2024-11-06 22:07:00 INFO  c.d.api.controller.AuthController - Logged In = admin
2024-11-06 22:07:16 INFO  c.d.api.daoimpl.SystemUserDaoImpl - Loaded User =admin
2024-11-06 22:07:16 INFO  c.d.api.controller.AuthController - Trying to login = admin
2024-11-06 22:07:16 INFO  c.d.api.daoimpl.SystemUserDaoImpl - Loaded User =admin
2024-11-06 22:07:16 INFO  c.d.api.controller.AuthController - Logged In = admin
2024-11-06 22:09:22 INFO  c.d.api.controller.AuthController - Trying to login = admin
2024-11-06 22:09:22 INFO  c.d.api.daoimpl.SystemUserDaoImpl - Loaded User =admin
2024-11-06 22:09:22 INFO  c.d.api.controller.AuthController - Logged In = admin
2024-11-06 22:10:16 INFO  c.d.api.daoimpl.SystemUserDaoImpl - Loaded User =admin
2024-11-06 22:10:16 INFO  c.d.api.controller.AuthController - Trying to login = admin
2024-11-06 22:10:16 INFO  c.d.api.daoimpl.SystemUserDaoImpl - Loaded User =admin
2024-11-06 22:10:16 INFO  c.d.api.controller.AuthController - Logged In = admin
2024-11-06 22:16:53 INFO  c.d.api.controller.AuthController - Trying to login = admin
2024-11-06 22:16:53 INFO  c.d.api.daoimpl.SystemUserDaoImpl - Loaded User =admin
2024-11-06 22:16:53 INFO  c.d.api.controller.AuthController - Logged In = admin
2024-11-06 22:19:54 INFO  c.d.api.controller.AuthController - Trying to login = admin
2024-11-06 22:19:54 INFO  c.d.api.daoimpl.SystemUserDaoImpl - Loaded User =admin
2024-11-06 22:19:54 INFO  c.d.api.controller.AuthController - Logged In = admin
2024-11-06 22:21:37 INFO  c.d.api.controller.AuthController - Trying to login = admin
2024-11-06 22:21:37 INFO  c.d.api.daoimpl.SystemUserDaoImpl - Loaded User =admin
2024-11-06 22:21:37 INFO  c.d.api.controller.AuthController - Logged In = admin
2024-11-06 22:23:49 INFO  c.d.api.controller.AuthController - Trying to login = admin
2024-11-06 22:23:49 INFO  c.d.api.daoimpl.SystemUserDaoImpl - Loaded User =admin
2024-11-06 22:23:49 INFO  c.d.api.controller.AuthController - Logged In = admin
2024-11-06 22:24:42 INFO  c.d.api.controller.AuthController - Trying to login = amol
2024-11-06 22:24:42 INFO  c.d.api.daoimpl.SystemUserDaoImpl - Loaded User =amol
2024-11-06 22:24:42 INFO  c.d.api.controller.AuthController - Logged In = amol
2024-11-06 22:25:10 INFO  c.d.api.daoimpl.SystemUserDaoImpl - Loaded User =amol
2024-11-06 22:25:11 INFO  c.d.api.controller.AuthController - Trying to login = kiran
2024-11-06 22:25:11 INFO  c.d.api.daoimpl.SystemUserDaoImpl - Loaded User =kiran
2024-11-06 22:25:11 INFO  c.d.api.controller.AuthController - Logged In = kiran
2024-11-06 22:26:09 INFO  c.d.api.daoimpl.SystemUserDaoImpl - Loaded User =kiran
2024-11-06 22:26:09 INFO  c.d.api.controller.AuthController - Trying to login = kiran
2024-11-06 22:26:09 INFO  c.d.api.daoimpl.SystemUserDaoImpl - Loaded User =kiran
2024-11-06 22:26:09 INFO  c.d.api.controller.AuthController - Logged In = kiran
2024-11-06 22:29:07 INFO  c.d.api.controller.AuthController - Trying to login = admin
2024-11-06 22:29:07 INFO  c.d.api.daoimpl.SystemUserDaoImpl - Loaded User =admin
2024-11-06 22:29:07 INFO  c.d.api.controller.AuthController - Logged In = admin
2024-11-06 22:30:10 INFO  c.d.api.controller.AuthController - Trying to login = admin
2024-11-06 22:30:10 INFO  c.d.api.daoimpl.SystemUserDaoImpl - Loaded User =admin
2024-11-06 22:30:10 INFO  c.d.api.controller.AuthController - Logged In = admin
2024-11-06 22:30:31 INFO  c.d.api.controller.AuthController - Trying to login = admin
2024-11-06 22:30:31 INFO  c.d.api.daoimpl.SystemUserDaoImpl - Loaded User =admin
2024-11-06 22:30:31 INFO  c.d.api.controller.AuthController - Logged In = admin
