2025-01-09 11:48:56 INFO  c.d.api.daoimpl.SystemUserDaoImpl - Loaded User =amol
2025-01-09 11:50:13 INFO  c.d.api.daoimpl.SystemUserDaoImpl - Loaded User =admin
2025-01-09 12:14:21 INFO  c.d.api.controller.AuthController - Trying to login = admin
2025-01-09 12:14:21 INFO  c.d.api.daoimpl.SystemUserDaoImpl - Loaded User =admin
2025-01-09 12:14:21 INFO  c.d.api.controller.AuthController - Logged In = admin
2025-01-09 12:14:37 INFO  c.d.api.daoimpl.SystemUserDaoImpl - Loaded User =admin
2025-01-09 12:14:53 INFO  c.d.api.daoimpl.SystemUserDaoImpl - Loaded User =admin
2025-01-09 12:15:11 INFO  c.d.api.daoimpl.SystemUserDaoImpl - Loaded User =admin
2025-01-09 12:15:24 INFO  c.d.api.daoimpl.SystemUserDaoImpl - Loaded User =admin
2025-01-09 12:17:30 INFO  c.d.api.daoimpl.SystemUserDaoImpl - Loaded User =amol
2025-01-09 12:18:09 INFO  c.d.api.daoimpl.SystemUserDaoImpl - Loaded User =admin
2025-01-09 12:21:56 INFO  c.d.api.controller.AuthController - Trying to login = admin
2025-01-09 12:21:56 INFO  c.d.api.daoimpl.SystemUserDaoImpl - Loaded User =admin
2025-01-09 12:21:56 INFO  c.d.api.controller.AuthController - Logged In = admin
2025-01-09 12:22:01 INFO  c.d.api.daoimpl.SystemUserDaoImpl - Loaded User =admin
2025-01-09 12:22:02 INFO  c.d.api.daoimpl.SystemUserDaoImpl - Loaded User =admin
2025-01-09 12:22:26 INFO  c.d.api.daoimpl.SystemUserDaoImpl - Loaded User =admin
2025-01-09 12:22:56 INFO  c.d.api.daoimpl.SystemUserDaoImpl - Loaded User =admin
2025-01-09 12:23:46 INFO  c.d.api.daoimpl.SystemUserDaoImpl - Loaded User =admin
2025-01-09 12:23:47 INFO  c.d.api.daoimpl.SystemUserDaoImpl - Loaded User =admin
2025-01-09 12:23:47 INFO  c.d.api.daoimpl.SystemUserDaoImpl - Loaded User =admin
2025-01-09 12:24:01 INFO  c.d.api.controller.AuthController - Trying to login = admin
2025-01-09 12:24:01 INFO  c.d.api.daoimpl.SystemUserDaoImpl - Loaded User =admin
2025-01-09 12:24:01 INFO  c.d.api.controller.AuthController - Logged In = admin
2025-01-09 12:24:09 INFO  c.d.api.daoimpl.SystemUserDaoImpl - Loaded User =admin
2025-01-09 12:24:09 INFO  c.d.api.daoimpl.SystemUserDaoImpl - Loaded User =admin
2025-01-09 12:24:09 INFO  c.d.api.daoimpl.SystemUserDaoImpl - Loaded User =admin
2025-01-09 12:24:52 INFO  c.d.api.daoimpl.SystemUserDaoImpl - Loaded User =admin
2025-01-09 12:24:52 INFO  c.d.api.daoimpl.SystemUserDaoImpl - Loaded User =admin
2025-01-09 12:24:52 INFO  c.d.api.daoimpl.SystemUserDaoImpl - Loaded User =admin
2025-01-09 12:30:31 INFO  c.d.api.daoimpl.SystemUserDaoImpl - Loaded User =agent_ram
2025-01-09 12:41:48 INFO  c.d.api.daoimpl.SystemUserDaoImpl - Loaded User =agent_ram
2025-01-09 12:42:37 INFO  c.d.api.controller.AuthController - Trying to login = admin
2025-01-09 12:42:37 INFO  c.d.api.daoimpl.SystemUserDaoImpl - Loaded User =admin
2025-01-09 12:42:37 INFO  c.d.api.controller.AuthController - Logged In = admin
2025-01-09 12:42:43 INFO  c.d.api.daoimpl.SystemUserDaoImpl - Loaded User =admin
2025-01-09 12:42:43 INFO  c.d.api.daoimpl.SystemUserDaoImpl - Loaded User =admin
2025-01-09 12:42:43 INFO  c.d.api.daoimpl.SystemUserDaoImpl - Loaded User =admin
