2024-11-05 10:22:27 INFO  c.d.api.daoimpl.SystemUserDaoImpl - Loaded User =amol
2024-11-05 10:24:18 INFO  c.d.api.daoimpl.SystemUserDaoImpl - Loaded User =amol
2024-11-05 10:25:06 INFO  c.d.api.daoimpl.SystemUserDaoImpl - Loaded User =kiran
2024-11-05 10:25:25 INFO  c.d.api.daoimpl.SystemUserDaoImpl - Loaded User =amol
2024-11-05 10:27:00 INFO  c.d.api.daoimpl.SystemUserDaoImpl - Loaded User =kiran
2024-11-05 10:27:19 INFO  c.d.api.daoimpl.SystemUserDaoImpl - Loaded User =kiran
2024-11-05 10:31:25 INFO  c.d.api.daoimpl.SystemUserDaoImpl - Loaded User =kiran
2024-11-05 10:32:40 INFO  c.d.api.daoimpl.SystemUserDaoImpl - Loaded User =kiran
2024-11-05 10:57:50 INFO  c.d.api.daoimpl.SystemUserDaoImpl - Loaded User =kiran
2024-11-05 10:58:17 INFO  c.d.api.daoimpl.SystemUserDaoImpl - Loaded User =kiran
2024-11-05 10:59:41 INFO  c.d.api.daoimpl.SystemUserDaoImpl - Loaded User =kiran
2024-11-05 11:01:02 INFO  c.d.api.daoimpl.SystemUserDaoImpl - Loaded User =kiran
2024-11-05 11:01:12 INFO  c.d.api.daoimpl.SystemUserDaoImpl - Loaded User =kiran
2024-11-05 11:09:01 INFO  c.d.api.controller.AuthController - Trying to login = admin
2024-11-05 11:09:01 INFO  c.d.api.daoimpl.SystemUserDaoImpl - Loaded User =admin
2024-11-05 11:09:02 INFO  c.d.api.controller.AuthController - Logged In = admin
2024-11-05 11:09:04 INFO  c.d.api.daoimpl.SystemUserDaoImpl - Loaded User =admin
2024-11-05 11:09:04 INFO  c.d.api.controller.AuthController - Trying to login = admin
2024-11-05 11:09:04 INFO  c.d.api.daoimpl.SystemUserDaoImpl - Loaded User =admin
2024-11-05 11:09:04 INFO  c.d.api.controller.AuthController - Logged In = admin
2024-11-05 11:09:24 INFO  c.d.api.daoimpl.SystemUserDaoImpl - Loaded User =admin
2024-11-05 11:09:24 INFO  c.d.api.controller.AuthController - Trying to login = admin
2024-11-05 11:09:24 INFO  c.d.api.daoimpl.SystemUserDaoImpl - Loaded User =admin
2024-11-05 11:09:24 INFO  c.d.api.controller.AuthController - Logged In = admin
2024-11-05 11:09:46 INFO  c.d.api.controller.AuthController - Trying to login = admin
2024-11-05 11:09:46 INFO  c.d.api.daoimpl.SystemUserDaoImpl - Loaded User =admin
2024-11-05 11:09:46 INFO  c.d.api.controller.AuthController - Logged In = admin
2024-11-05 11:19:00 INFO  c.d.api.controller.AuthController - Trying to login = admin
2024-11-05 11:19:00 INFO  c.d.api.daoimpl.SystemUserDaoImpl - Loaded User =admin
2024-11-05 11:19:01 INFO  c.d.api.controller.AuthController - Logged In = admin
2024-11-05 11:19:04 INFO  c.d.api.daoimpl.SystemUserDaoImpl - Loaded User =admin
2024-11-05 11:19:04 INFO  c.d.api.controller.AuthController - Trying to login = admin
2024-11-05 11:19:04 INFO  c.d.api.daoimpl.SystemUserDaoImpl - Loaded User =admin
2024-11-05 11:19:04 INFO  c.d.api.controller.AuthController - Logged In = admin
2024-11-05 11:19:05 INFO  c.d.api.daoimpl.SystemUserDaoImpl - Loaded User =admin
2024-11-05 11:19:05 INFO  c.d.api.controller.AuthController - Trying to login = admin
2024-11-05 11:19:05 INFO  c.d.api.daoimpl.SystemUserDaoImpl - Loaded User =admin
2024-11-05 11:19:05 INFO  c.d.api.controller.AuthController - Logged In = admin
2024-11-05 11:19:25 INFO  c.d.api.daoimpl.SystemUserDaoImpl - Loaded User =admin
2024-11-05 11:19:25 INFO  c.d.api.controller.AuthController - Trying to login = admin
2024-11-05 11:19:25 INFO  c.d.api.daoimpl.SystemUserDaoImpl - Loaded User =admin
2024-11-05 11:19:25 INFO  c.d.api.controller.AuthController - Logged In = admin
2024-11-05 11:20:46 INFO  c.d.api.daoimpl.SystemUserDaoImpl - Loaded User =admin
2024-11-05 11:20:46 INFO  c.d.api.controller.AuthController - Trying to login = admin
2024-11-05 11:20:46 INFO  c.d.api.daoimpl.SystemUserDaoImpl - Loaded User =admin
2024-11-05 11:20:46 INFO  c.d.api.controller.AuthController - Logged In = admin
2024-11-05 11:23:30 INFO  c.d.api.daoimpl.SystemUserDaoImpl - Loaded User =admin
2024-11-05 11:23:30 INFO  c.d.api.controller.AuthController - Trying to login = admin
2024-11-05 11:23:30 INFO  c.d.api.daoimpl.SystemUserDaoImpl - Loaded User =admin
2024-11-05 11:23:30 INFO  c.d.api.controller.AuthController - Logged In = admin
2024-11-05 11:24:53 INFO  c.d.api.daoimpl.SystemUserDaoImpl - Loaded User =admin
2024-11-05 11:25:04 INFO  c.d.api.daoimpl.SystemUserDaoImpl - Loaded User =admin
2024-11-05 11:25:16 INFO  c.d.api.daoimpl.SystemUserDaoImpl - Loaded User =admin
2024-11-05 11:30:31 INFO  c.d.api.controller.AuthController - Trying to login = admin
2024-11-05 11:30:31 INFO  c.d.api.daoimpl.SystemUserDaoImpl - Loaded User =admin
2024-11-05 11:30:31 INFO  c.d.api.controller.AuthController - Logged In = admin
2024-11-05 11:30:33 INFO  c.d.api.daoimpl.SystemUserDaoImpl - Loaded User =admin
2024-11-05 11:35:24 INFO  c.d.api.controller.AuthController - Trying to login = admin
2024-11-05 11:35:24 INFO  c.d.api.daoimpl.SystemUserDaoImpl - Loaded User =admin
2024-11-05 11:35:24 INFO  c.d.api.controller.AuthController - Logged In = admin
